<?xml version="1.0" encoding="UTF-8"?>
<!-- Generated by org.testng.reporters.JUnitXMLReporter -->
<testsuite hostname="GEVW59D07RA24FU" ignored="4" name="Test" tests="5" failures="0" timestamp="23 八月 2019 14:52:31 GMT" time="0.057" errors="0">
  <testcase name="fun2" time="0.01" classname="com.zs.day11.pack2.Failure_Test"/>
  <testcase name="fun3" time="0.001" classname="com.zs.day11.pack2.Failure_Test"/>
  <testcase name="fun1" time="0.001" classname="com.zs.day11.pack2.Success_Test"/>
  <testcase name="fun4" time="0.001" classname="com.zs.day11.pack2.Success_Test"/>
  <testcase name="fun5" time="0.002" classname="com.zs.day11.pack2.Success_Test"/>
  <testcase name="@AfterTest afterTest" time="0.0" classname="com.zs.day11.pack2.BaseTest">
    <ignored/>
  </testcase> <!-- @AfterTest afterTest -->
  <testcase name="@BeforeTest beforeTest" time="0.0" classname="com.zs.day11.pack2.BaseTest">
    <ignored/>
  </testcase> <!-- @BeforeTest beforeTest -->
  <testcase name="@AfterSuite afterSuite" time="0.0" classname="com.zs.day11.pack2.BaseTest">
    <ignored/>
  </testcase> <!-- @AfterSuite afterSuite -->
  <testcase name="@BeforeSuite beforeSuite" time="0.0" classname="com.zs.day11.pack2.BaseTest">
    <ignored/>
  </testcase> <!-- @BeforeSuite beforeSuite -->
</testsuite> <!-- Test -->
