<?xml version="1.0" encoding="UTF-8"?>
<testng-results skipped="0" failed="0" ignored="0" total="5" passed="5">
  <reporter-output>
  </reporter-output>
  <suite name="Suite" duration-ms="113" started-at="2019-08-23T15:13:36Z" finished-at="2019-08-23T15:13:36Z">
    <groups>
    </groups>
    <test name="Test_F" duration-ms="50" started-at="2019-08-23T15:13:36Z" finished-at="2019-08-23T15:13:36Z">
      <class name="com.zs.day11.pack4.Failure_Test">
        <test-method status="PASS" signature="beforeTest()[pri:0, instance:com.zs.day11.pack4.Failure_Test@1d057a39]" name="beforeTest" is-config="true" duration-ms="1" started-at="2019-08-23T15:13:36Z" finished-at="2019-08-23T15:13:36Z">
          <reporter-output>
          </reporter-output>
        </test-method> <!-- beforeTest -->
        <test-method status="PASS" signature="beforeMethod()[pri:0, instance:com.zs.day11.pack4.Failure_Test@1d057a39]" name="beforeMethod" is-config="true" duration-ms="0" started-at="2019-08-23T15:13:36Z" finished-at="2019-08-23T15:13:36Z">
          <reporter-output>
          </reporter-output>
        </test-method> <!-- beforeMethod -->
        <test-method status="PASS" signature="fun2()[pri:0, instance:com.zs.day11.pack4.Failure_Test@1d057a39]" name="fun2" duration-ms="8" started-at="2019-08-23T15:13:36Z" finished-at="2019-08-23T15:13:36Z">
          <reporter-output>
          </reporter-output>
        </test-method> <!-- fun2 -->
        <test-method status="PASS" signature="afterMethod()[pri:0, instance:com.zs.day11.pack4.Failure_Test@1d057a39]" name="afterMethod" is-config="true" duration-ms="1" started-at="2019-08-23T15:13:36Z" finished-at="2019-08-23T15:13:36Z">
          <reporter-output>
          </reporter-output>
        </test-method> <!-- afterMethod -->
        <test-method status="PASS" signature="beforeMethod()[pri:0, instance:com.zs.day11.pack4.Failure_Test@1d057a39]" name="beforeMethod" is-config="true" duration-ms="1" started-at="2019-08-23T15:13:36Z" finished-at="2019-08-23T15:13:36Z">
          <reporter-output>
          </reporter-output>
        </test-method> <!-- beforeMethod -->
        <test-method status="PASS" signature="fun3()[pri:0, instance:com.zs.day11.pack4.Failure_Test@1d057a39]" name="fun3" duration-ms="5" started-at="2019-08-23T15:13:36Z" finished-at="2019-08-23T15:13:36Z">
          <reporter-output>
          </reporter-output>
        </test-method> <!-- fun3 -->
        <test-method status="PASS" signature="afterMethod()[pri:0, instance:com.zs.day11.pack4.Failure_Test@1d057a39]" name="afterMethod" is-config="true" duration-ms="0" started-at="2019-08-23T15:13:36Z" finished-at="2019-08-23T15:13:36Z">
          <reporter-output>
          </reporter-output>
        </test-method> <!-- afterMethod -->
        <test-method status="PASS" signature="afterTest()[pri:0, instance:com.zs.day11.pack4.Failure_Test@1d057a39]" name="afterTest" is-config="true" duration-ms="0" started-at="2019-08-23T15:13:36Z" finished-at="2019-08-23T15:13:36Z">
          <reporter-output>
          </reporter-output>
        </test-method> <!-- afterTest -->
      </class> <!-- com.zs.day11.pack4.Failure_Test -->
    </test> <!-- Test_F -->
    <test name="Test_S" duration-ms="19" started-at="2019-08-23T15:13:36Z" finished-at="2019-08-23T15:13:36Z">
      <class name="com.zs.day11.pack4.Success_Test">
        <test-method status="PASS" signature="beforeSuite()[pri:0, instance:com.zs.day11.pack4.Success_Test@7d9d1a19]" name="beforeSuite" is-config="true" duration-ms="16" started-at="2019-08-23T15:13:36Z" finished-at="2019-08-23T15:13:36Z">
          <reporter-output>
          </reporter-output>
        </test-method> <!-- beforeSuite -->
        <test-method status="PASS" signature="beforeTest()[pri:0, instance:com.zs.day11.pack4.Success_Test@7d9d1a19]" name="beforeTest" is-config="true" duration-ms="0" started-at="2019-08-23T15:13:36Z" finished-at="2019-08-23T15:13:36Z">
          <reporter-output>
          </reporter-output>
        </test-method> <!-- beforeTest -->
        <test-method status="PASS" signature="fun1()[pri:0, instance:com.zs.day11.pack4.Success_Test@7d9d1a19]" name="fun1" duration-ms="1" started-at="2019-08-23T15:13:36Z" finished-at="2019-08-23T15:13:36Z">
          <reporter-output>
          </reporter-output>
        </test-method> <!-- fun1 -->
        <test-method status="PASS" signature="beforeMethod()[pri:0, instance:com.zs.day11.pack4.Success_Test@7d9d1a19]" name="beforeMethod" is-config="true" duration-ms="0" started-at="2019-08-23T15:13:36Z" finished-at="2019-08-23T15:13:36Z">
          <reporter-output>
          </reporter-output>
        </test-method> <!-- beforeMethod -->
        <test-method status="PASS" signature="afterMethod()[pri:0, instance:com.zs.day11.pack4.Success_Test@7d9d1a19]" name="afterMethod" is-config="true" duration-ms="1" started-at="2019-08-23T15:13:36Z" finished-at="2019-08-23T15:13:36Z">
          <reporter-output>
          </reporter-output>
        </test-method> <!-- afterMethod -->
        <test-method status="PASS" signature="beforeMethod()[pri:0, instance:com.zs.day11.pack4.Success_Test@7d9d1a19]" name="beforeMethod" is-config="true" duration-ms="1" started-at="2019-08-23T15:13:36Z" finished-at="2019-08-23T15:13:36Z">
          <reporter-output>
          </reporter-output>
        </test-method> <!-- beforeMethod -->
        <test-method status="PASS" signature="fun4()[pri:0, instance:com.zs.day11.pack4.Success_Test@7d9d1a19]" name="fun4" duration-ms="1" started-at="2019-08-23T15:13:36Z" finished-at="2019-08-23T15:13:36Z">
          <reporter-output>
          </reporter-output>
        </test-method> <!-- fun4 -->
        <test-method status="PASS" signature="afterMethod()[pri:0, instance:com.zs.day11.pack4.Success_Test@7d9d1a19]" name="afterMethod" is-config="true" duration-ms="0" started-at="2019-08-23T15:13:36Z" finished-at="2019-08-23T15:13:36Z">
          <reporter-output>
          </reporter-output>
        </test-method> <!-- afterMethod -->
        <test-method status="PASS" signature="fun5()[pri:0, instance:com.zs.day11.pack4.Success_Test@7d9d1a19]" name="fun5" duration-ms="1" started-at="2019-08-23T15:13:36Z" finished-at="2019-08-23T15:13:36Z">
          <reporter-output>
          </reporter-output>
        </test-method> <!-- fun5 -->
        <test-method status="PASS" signature="beforeMethod()[pri:0, instance:com.zs.day11.pack4.Success_Test@7d9d1a19]" name="beforeMethod" is-config="true" duration-ms="0" started-at="2019-08-23T15:13:36Z" finished-at="2019-08-23T15:13:36Z">
          <reporter-output>
          </reporter-output>
        </test-method> <!-- beforeMethod -->
        <test-method status="PASS" signature="afterMethod()[pri:0, instance:com.zs.day11.pack4.Success_Test@7d9d1a19]" name="afterMethod" is-config="true" duration-ms="0" started-at="2019-08-23T15:13:36Z" finished-at="2019-08-23T15:13:36Z">
          <reporter-output>
          </reporter-output>
        </test-method> <!-- afterMethod -->
        <test-method status="PASS" signature="afterTest()[pri:0, instance:com.zs.day11.pack4.Success_Test@7d9d1a19]" name="afterTest" is-config="true" duration-ms="0" started-at="2019-08-23T15:13:36Z" finished-at="2019-08-23T15:13:36Z">
          <reporter-output>
          </reporter-output>
        </test-method> <!-- afterTest -->
        <test-method status="PASS" signature="afterSuite()[pri:0, instance:com.zs.day11.pack4.Success_Test@7d9d1a19]" name="afterSuite" is-config="true" duration-ms="0" started-at="2019-08-23T15:13:36Z" finished-at="2019-08-23T15:13:36Z">
          <reporter-output>
          </reporter-output>
        </test-method> <!-- afterSuite -->
      </class> <!-- com.zs.day11.pack4.Success_Test -->
    </test> <!-- Test_S -->
  </suite> <!-- Suite -->
</testng-results>
