<?xml version="1.0" encoding="UTF-8"?>
<testng-results skipped="0" failed="0" ignored="0" total="1" passed="1">
  <reporter-output>
  </reporter-output>
  <suite name="Default suite" duration-ms="43" started-at="2019-08-23T10:07:41Z" finished-at="2019-08-23T10:07:41Z">
    <groups>
    </groups>
    <test name="Default test" duration-ms="43" started-at="2019-08-23T10:07:41Z" finished-at="2019-08-23T10:07:41Z">
      <class name="com.zs.day11.NewTest">
        <test-method status="PASS" signature="fun1()[pri:0, instance:com.zs.day11.NewTest@2a2d45ba]" name="fun1" duration-ms="14" started-at="2019-08-23T10:07:41Z" finished-at="2019-08-23T10:07:41Z">
          <reporter-output>
          </reporter-output>
        </test-method> <!-- fun1 -->
      </class> <!-- com.zs.day11.NewTest -->
    </test> <!-- Default test -->
  </suite> <!-- Default suite -->
</testng-results>
